balcones-league/android-app/app/build/intermediates/manifest_merge_blame_file/release/processReleaseMainManifest/manifest-merger-blame-release-report.txt
1<?xml version="1.0" encoding="utf-8"?>
2<manifest xmlns:android="http://schemas.android.com/apk/res/android"
3    package="com.balconesleague.app"
4    android:versionCode="4"
5    android:versionName="2.3.3" >
6
7    <uses-sdk
8        android:minSdkVersion="24"
9        android:targetSdkVersion="35" />
10
11    <uses-permission android:name="android.permission.INTERNET" />
11-->src/main/AndroidManifest.xml:3:5-67
11-->src/main/AndroidManifest.xml:3:22-64
12
13    <application
13-->src/main/AndroidManifest.xml:4:5-20:19
14        android:allowBackup="true"
14-->src/main/AndroidManifest.xml:5:9-35
15        android:extractNativeLibs="false"
16        android:hardwareAccelerated="true"
16-->src/main/AndroidManifest.xml:7:9-43
17        android:icon="@mipmap/ic_launcher"
17-->src/main/AndroidManifest.xml:8:9-43
18        android:label="Balcones League"
18-->src/main/AndroidManifest.xml:9:9-40
19        android:theme="@style/AppTheme"
19-->src/main/AndroidManifest.xml:10:9-40
20        android:usesCleartextTraffic="false" >
20-->src/main/AndroidManifest.xml:6:9-45
21        <activity
21-->src/main/AndroidManifest.xml:11:9-19:20
22            android:name="com.balconesleague.app.MainActivity"
22-->src/main/AndroidManifest.xml:12:13-41
23            android:exported="true"
23-->src/main/AndroidManifest.xml:14:13-36
24            android:screenOrientation="portrait" >
24-->src/main/AndroidManifest.xml:13:13-49
25            <intent-filter>
25-->src/main/AndroidManifest.xml:15:13-18:29
26                <action android:name="android.intent.action.MAIN" />
26-->src/main/AndroidManifest.xml:16:17-69
26-->src/main/AndroidManifest.xml:16:25-66
27
28                <category android:name="android.intent.category.LAUNCHER" />
28-->src/main/AndroidManifest.xml:17:17-77
28-->src/main/AndroidManifest.xml:17:27-74
29            </intent-filter>
30        </activity>
31    </application>
32
33</manifest>